Build started 2014-01-28 오후 9:12:26.
     1>Project "D:\brown\cocos2d-x-2.2\projects\LuckyPoker\proj.win32\LuckyPoker.vcxproj" on node 2 (Build target(s)).
     1>InitializeBuildStatus:
         Creating "Debug.win32\LuckyPoker.unsuccessfulbuild" because "AlwaysCreate" was specified.
       ClCompile:
         C:\Program Files (x86)\Microsoft Visual Studio 11.0\VC\bin\CL.exe /c /I"D:\brown\cocos2d-x-2.2\projects\LuckyPoker\proj.win32\..\..\..\cocos2dx" /I"D:\brown\cocos2d-x-2.2\projects\LuckyPoker\proj.win32\..\..\..\cocos2dx\include" /I"D:\brown\cocos2d-x-2.2\projects\LuckyPoker\proj.win32\..\..\..\cocos2dx\kazmath\include" /I"D:\brown\cocos2d-x-2.2\projects\LuckyPoker\proj.win32\..\..\..\cocos2dx\platform\win32" /I"D:\brown\cocos2d-x-2.2\projects\LuckyPoker\proj.win32\..\..\..\cocos2dx\platform\third_party\win32" /I"D:\brown\cocos2d-x-2.2\projects\LuckyPoker\proj.win32\..\..\..\cocos2dx\platform\third_party\win32\OGLES" /I"D:\brown\cocos2d-x-2.2\projects\LuckyPoker\proj.win32\..\..\..\external" /I"D:\brown\cocos2d-x-2.2\projects\LuckyPoker\proj.win32\..\..\..\external\chipmunk\include\chipmunk" /I"D:\brown\cocos2d-x-2.2\projects\LuckyPoker\proj.win32\..\..\..\CocosDenshion\include" /I"D:\brown\cocos2d-x-2.2\projects\LuckyPoker\proj.win32\..\..\..\extensions" /I..\Classes /I.. /ZI /nologo /W3 /WX- /Od /Oy- /D WIN32 /D _DEBUG /D _WINDOWS /D _USE_MATH_DEFINES /D GL_GLEXT_PROTOTYPES /D CC_ENABLE_CHIPMUNK_INTEGRATION=1 /D COCOS2D_DEBUG=1 /D _CRT_SECURE_NO_WARNINGS /D _SCL_SECURE_NO_WARNINGS /D _UNICODE /D UNICODE /Gm /EHsc /RTC1 /MDd /GS /fp:precise /Zc:wchar_t /Zc:forScope /Fo"Debug.win32\\" /Fd"Debug.win32\vc110.pdb" /Gd /TP /wd4267 /wd4251 /wd4244 /analyze- /errorReport:prompt ..\Classes\Model\PlayerMan.cpp
         PlayerMan.cpp
     1>d:\brown\cocos2d-x-2.2\cocos2dx\platform\ccsaxparser.h : warning C4819: The file contains a character that cannot be represented in the current code page (949). Save the file in Unicode format to prevent data loss
       ResourceCompile:
         All outputs are up-to-date.
       PreLinkEvent:
         if not exist "D:\brown\cocos2d-x-2.2\Debug.win32\" mkdir "D:\brown\cocos2d-x-2.2\Debug.win32\"
         xcopy /Y /Q "D:\brown\cocos2d-x-2.2\projects\LuckyPoker\proj.win32\..\..\..\external\libwebsockets\win32\lib\*.*" "D:\brown\cocos2d-x-2.2\Debug.win32\"
         :VCEnd
         2개 파일이 복사되었습니다.
       Link:
         C:\Program Files (x86)\Microsoft Visual Studio 11.0\VC\bin\link.exe /ERRORREPORT:PROMPT /OUT:"D:\brown\cocos2d-x-2.2\Debug.win32\LuckyPoker.exe" /INCREMENTAL /NOLOGO /LIBPATH:"D:\brown\cocos2d-x-2.2\Debug.win32\\" libExtensions.lib libcocos2d.lib libCocosDenshion.lib opengl32.lib glew32.lib libBox2d.lib libchipmunk.lib libcurl_imp.lib pthreadVCE2.lib websockets.lib kernel32.lib user32.lib gdi32.lib winspool.lib comdlg32.lib advapi32.lib shell32.lib ole32.lib oleaut32.lib uuid.lib odbc32.lib odbccp32.lib /MANIFEST /MANIFESTUAC:"level='asInvoker' uiAccess='false'" /manifest:embed /DEBUG /PDB:"D:\brown\cocos2d-x-2.2\Debug.win32\LuckyPoker.pdb" /SUBSYSTEM:WINDOWS /TLBID:1 /DYNAMICBASE /NXCOMPAT /IMPLIB:"D:\brown\cocos2d-x-2.2\Debug.win32\LuckyPoker.lib" /MACHINE:X86 /SAFESEH Debug.win32\LuckyPoker.res
         Debug.win32\AppDelegate.obj
         Debug.win32\InstanceMan.obj
         Debug.win32\HelloWorldScene.obj
         Debug.win32\Card.obj
         Debug.win32\Dealer.obj
         Debug.win32\MainLogic.obj
         Debug.win32\Player.obj
         Debug.win32\PlayerMan.obj
         Debug.win32\PokerAI.obj
         Debug.win32\PokerRule.obj
         Debug.win32\GameScene.obj
         Debug.win32\IntroScene.obj
         Debug.win32\SelectScene.obj
         Debug.win32\main.obj
         "D:\brown\cocos2d-x-2.2\Debug.win32\libcocos2d.lib"
         "D:\brown\cocos2d-x-2.2\Debug.win32\libCocosDenshion.lib"
         "D:\brown\cocos2d-x-2.2\Debug.win32\libExtensions.lib"
         "D:\brown\cocos2d-x-2.2\Debug.win32\libBox2D.lib"
         "D:\brown\cocos2d-x-2.2\Debug.win32\libchipmunk.lib"
         LuckyPoker.vcxproj -> D:\brown\cocos2d-x-2.2\Debug.win32\LuckyPoker.exe
       FinalizeBuildStatus:
         Deleting file "Debug.win32\LuckyPoker.unsuccessfulbuild".
         Touching "Debug.win32\LuckyPoker.lastbuildstate".
     1>Done Building Project "D:\brown\cocos2d-x-2.2\projects\LuckyPoker\proj.win32\LuckyPoker.vcxproj" (Build target(s)).

Build succeeded.

Time Elapsed 00:00:03.09
