D:\BROWN\COCOS2D-X-2.2\PROJECTS\LUCKYPOKER\PROJ.WIN32\DEBUG.WIN32\VC110.PDB
D:\BROWN\COCOS2D-X-2.2\PROJECTS\LUCKYPOKER\PROJ.WIN32\DEBUG.WIN32\CARD.OBJ
D:\BROWN\COCOS2D-X-2.2\PROJECTS\LUCKYPOKER\PROJ.WIN32\DEBUG.WIN32\GAMESCENE.OBJ
D:\BROWN\COCOS2D-X-2.2\PROJECTS\LUCKYPOKER\PROJ.WIN32\DEBUG.WIN32\SELECTSCENE.OBJ
D:\BROWN\COCOS2D-X-2.2\PROJECTS\LUCKYPOKER\PROJ.WIN32\DEBUG.WIN32\INTROSCENE.OBJ
D:\BROWN\COCOS2D-X-2.2\PROJECTS\LUCKYPOKER\PROJ.WIN32\DEBUG.WIN32\APPDELEGATE.OBJ
D:\BROWN\COCOS2D-X-2.2\PROJECTS\LUCKYPOKER\PROJ.WIN32\DEBUG.WIN32\INSTANCEMAN.OBJ
D:\BROWN\COCOS2D-X-2.2\PROJECTS\LUCKYPOKER\PROJ.WIN32\DEBUG.WIN32\DEALER.OBJ
D:\BROWN\COCOS2D-X-2.2\PROJECTS\LUCKYPOKER\PROJ.WIN32\DEBUG.WIN32\MAINLOGIC.OBJ
D:\BROWN\COCOS2D-X-2.2\PROJECTS\LUCKYPOKER\PROJ.WIN32\DEBUG.WIN32\PLAYER.OBJ
D:\BROWN\COCOS2D-X-2.2\PROJECTS\LUCKYPOKER\PROJ.WIN32\DEBUG.WIN32\PLAYERMAN.OBJ
D:\BROWN\COCOS2D-X-2.2\PROJECTS\LUCKYPOKER\PROJ.WIN32\DEBUG.WIN32\POKERAI.OBJ
D:\BROWN\COCOS2D-X-2.2\PROJECTS\LUCKYPOKER\PROJ.WIN32\DEBUG.WIN32\POKERRULE.OBJ
D:\BROWN\COCOS2D-X-2.2\DEBUG.WIN32\LUCKYPOKER.ILK
D:\BROWN\COCOS2D-X-2.2\DEBUG.WIN32\LUCKYPOKER.EXE
D:\BROWN\COCOS2D-X-2.2\DEBUG.WIN32\LUCKYPOKER.PDB
D:\BROWN\COCOS2D-X-2.2\PROJECTS\LUCKYPOKER\PROJ.WIN32\DEBUG.WIN32\LUCKYPOKER.RES
D:\brown\cocos2d-x-2.2\projects\LuckyPoker\proj.win32\Debug.win32\AppDelegate.obj
D:\brown\cocos2d-x-2.2\projects\LuckyPoker\proj.win32\Debug.win32\Card.obj
D:\brown\cocos2d-x-2.2\projects\LuckyPoker\proj.win32\Debug.win32\Dealer.obj
D:\brown\cocos2d-x-2.2\projects\LuckyPoker\proj.win32\Debug.win32\GameScene.obj
D:\brown\cocos2d-x-2.2\projects\LuckyPoker\proj.win32\Debug.win32\HelloWorldScene.obj
D:\brown\cocos2d-x-2.2\projects\LuckyPoker\proj.win32\Debug.win32\InstanceMan.obj
D:\brown\cocos2d-x-2.2\projects\LuckyPoker\proj.win32\Debug.win32\IntroScene.obj
D:\brown\cocos2d-x-2.2\projects\LuckyPoker\proj.win32\Debug.win32\main.obj
D:\brown\cocos2d-x-2.2\projects\LuckyPoker\proj.win32\Debug.win32\MainLogic.obj
D:\brown\cocos2d-x-2.2\projects\LuckyPoker\proj.win32\Debug.win32\Player.obj
D:\brown\cocos2d-x-2.2\projects\LuckyPoker\proj.win32\Debug.win32\PlayerMan.obj
D:\brown\cocos2d-x-2.2\projects\LuckyPoker\proj.win32\Debug.win32\PokerAI.obj
D:\brown\cocos2d-x-2.2\projects\LuckyPoker\proj.win32\Debug.win32\PokerRule.obj
D:\brown\cocos2d-x-2.2\projects\LuckyPoker\proj.win32\Debug.win32\SelectScene.obj
D:\brown\cocos2d-x-2.2\projects\LuckyPoker\proj.win32\Debug.win32\cl.command.1.tlog
D:\brown\cocos2d-x-2.2\projects\LuckyPoker\proj.win32\Debug.win32\CL.read.1.tlog
D:\brown\cocos2d-x-2.2\projects\LuckyPoker\proj.win32\Debug.win32\CL.write.1.tlog
D:\brown\cocos2d-x-2.2\projects\LuckyPoker\proj.win32\Debug.win32\link-cvtres.read.1.tlog
D:\brown\cocos2d-x-2.2\projects\LuckyPoker\proj.win32\Debug.win32\link-cvtres.write.1.tlog
D:\brown\cocos2d-x-2.2\projects\LuckyPoker\proj.win32\Debug.win32\link-rc.read.1.tlog
D:\brown\cocos2d-x-2.2\projects\LuckyPoker\proj.win32\Debug.win32\link-rc.write.1.tlog
D:\brown\cocos2d-x-2.2\projects\LuckyPoker\proj.win32\Debug.win32\link.10460-cvtres.read.1.tlog
D:\brown\cocos2d-x-2.2\projects\LuckyPoker\proj.win32\Debug.win32\link.10460-cvtres.write.1.tlog
D:\brown\cocos2d-x-2.2\projects\LuckyPoker\proj.win32\Debug.win32\link.10460-rc.read.1.tlog
D:\brown\cocos2d-x-2.2\projects\LuckyPoker\proj.win32\Debug.win32\link.10460-rc.write.1.tlog
D:\brown\cocos2d-x-2.2\projects\LuckyPoker\proj.win32\Debug.win32\link.10460.read.1.tlog
D:\brown\cocos2d-x-2.2\projects\LuckyPoker\proj.win32\Debug.win32\link.10460.write.1.tlog
D:\brown\cocos2d-x-2.2\projects\LuckyPoker\proj.win32\Debug.win32\link.6600-cvtres.read.1.tlog
D:\brown\cocos2d-x-2.2\projects\LuckyPoker\proj.win32\Debug.win32\link.6600-cvtres.write.1.tlog
D:\brown\cocos2d-x-2.2\projects\LuckyPoker\proj.win32\Debug.win32\link.6600-rc.read.1.tlog
D:\brown\cocos2d-x-2.2\projects\LuckyPoker\proj.win32\Debug.win32\link.6600-rc.write.1.tlog
D:\brown\cocos2d-x-2.2\projects\LuckyPoker\proj.win32\Debug.win32\link.6600.read.1.tlog
D:\brown\cocos2d-x-2.2\projects\LuckyPoker\proj.win32\Debug.win32\link.6600.write.1.tlog
D:\brown\cocos2d-x-2.2\projects\LuckyPoker\proj.win32\Debug.win32\link.command.1.tlog
D:\brown\cocos2d-x-2.2\projects\LuckyPoker\proj.win32\Debug.win32\link.read.1.tlog
D:\brown\cocos2d-x-2.2\projects\LuckyPoker\proj.win32\Debug.win32\link.write.1.tlog
D:\brown\cocos2d-x-2.2\projects\LuckyPoker\proj.win32\Debug.win32\rc.command.1.tlog
D:\brown\cocos2d-x-2.2\projects\LuckyPoker\proj.win32\Debug.win32\rc.read.1.tlog
D:\brown\cocos2d-x-2.2\projects\LuckyPoker\proj.win32\Debug.win32\rc.write.1.tlog
D:\brown\cocos2d-x-2.2\projects\LuckyPoker\proj.win32\Debug.win32\LuckyPoker.res
D:\brown\cocos2d-x-2.2\projects\LuckyPoker\proj.win32\Debug.win32\vc110.idb
D:\brown\cocos2d-x-2.2\projects\LuckyPoker\proj.win32\Debug.win32\vc110.pdb
D:\brown\cocos2d-x-2.2\Debug.win32\LuckyPoker.pdb
D:\brown\cocos2d-x-2.2\Debug.win32\LuckyPoker.exe
D:\brown\cocos2d-x-2.2\Debug.win32\LuckyPoker.ilk
